2021-07-08 08:05:56,995 :INFO : test_end2end :Getting all Product names
2021-07-08 08:05:57,243 :INFO : test_end2end :Blackberryis selected
2021-07-08 08:06:18,077 :INFO : test_formsubmission :Name entered :ravikumar
2021-07-08 08:06:18,116 :INFO : test_formsubmission :email entered :www.panjagroupofcompanies.com
2021-07-08 08:06:19,996 :INFO : test_formsubmission :Name entered :Shivashankar
2021-07-08 08:06:19,996 :INFO : test_formsubmission :Name entered :Shivashankar
2021-07-08 08:06:20,034 :INFO : test_formsubmission :email entered :www.Shivashankar.com
2021-07-08 08:06:20,034 :INFO : test_formsubmission :email entered :www.Shivashankar.com
2021-07-08 09:36:22,637 :INFO : test_end2end :Getting all Product names
2021-07-08 09:36:22,939 :INFO : test_end2end :Blackberryis selected
2021-07-08 09:36:39,946 :INFO : test_formsubmission :Name entered :ravikumar
2021-07-08 09:36:39,967 :INFO : test_formsubmission :email entered :www.panjagroupofcompanies.com
2021-07-08 09:36:41,613 :INFO : test_formsubmission :Name entered :Shivashankar
2021-07-08 09:36:41,613 :INFO : test_formsubmission :Name entered :Shivashankar
2021-07-08 09:36:41,651 :INFO : test_formsubmission :email entered :www.Shivashankar.com
2021-07-08 09:36:41,651 :INFO : test_formsubmission :email entered :www.Shivashankar.com
2021-07-08 09:52:04,782 :INFO : test_end2end :Getting all Product names
2021-07-08 09:52:05,001 :INFO : test_end2end :Blackberryis selected
2021-07-08 09:52:19,847 :INFO : test_formsubmission :Name entered :ravikumar
2021-07-08 09:52:19,879 :INFO : test_formsubmission :email entered :www.panjagroupofcompanies.com
2021-07-08 09:52:21,449 :INFO : test_formsubmission :Name entered :Shivashankar
2021-07-08 09:52:21,449 :INFO : test_formsubmission :Name entered :Shivashankar
2021-07-08 09:52:21,479 :INFO : test_formsubmission :email entered :www.Shivashankar.com
2021-07-08 09:52:21,479 :INFO : test_formsubmission :email entered :www.Shivashankar.com
2021-07-08 09:55:08,744 :INFO : test_formsubmission :Name entered :ravikumar
2021-07-08 09:55:08,779 :INFO : test_formsubmission :email entered :www.panjagroupofcompanies.com
2021-07-08 09:55:09,638 :INFO : test_formsubmission :Name entered :ravikumarShivashankar
2021-07-08 09:55:09,638 :INFO : test_formsubmission :Name entered :ravikumarShivashankar
2021-07-08 09:55:09,666 :INFO : test_formsubmission :email entered :www.panjagroupofcompanies.comwww.Shivashankar.com
2021-07-08 09:55:09,666 :INFO : test_formsubmission :email entered :www.panjagroupofcompanies.comwww.Shivashankar.com
2021-07-08 09:56:59,204 :INFO : test_formsubmission :Name entered :ravikumar
2021-07-08 09:56:59,239 :INFO : test_formsubmission :email entered :www.panjagroupofcompanies.com
2021-07-08 09:57:00,327 :INFO : test_formsubmission :Name entered :ravikumarShivashankar
2021-07-08 09:57:00,327 :INFO : test_formsubmission :Name entered :ravikumarShivashankar
2021-07-08 09:57:00,356 :INFO : test_formsubmission :email entered :www.panjagroupofcompanies.comwww.Shivashankar.com
2021-07-08 09:57:00,356 :INFO : test_formsubmission :email entered :www.panjagroupofcompanies.comwww.Shivashankar.com
2021-07-08 09:58:46,651 :INFO : test_end2end :Getting all Product names
2021-07-08 09:58:46,882 :INFO : test_end2end :Blackberryis selected
2021-07-08 09:59:02,518 :INFO : test_formsubmission :Name entered :ravikumar
2021-07-08 09:59:02,551 :INFO : test_formsubmission :email entered :www.panjagroupofcompanies.com
2021-07-08 09:59:03,561 :INFO : test_formsubmission :Name entered :ravikumarShivashankar
2021-07-08 09:59:03,561 :INFO : test_formsubmission :Name entered :ravikumarShivashankar
2021-07-08 09:59:03,591 :INFO : test_formsubmission :email entered :www.panjagroupofcompanies.comwww.Shivashankar.com
2021-07-08 09:59:03,591 :INFO : test_formsubmission :email entered :www.panjagroupofcompanies.comwww.Shivashankar.com
2021-07-08 10:05:58,518 :INFO : test_end2end :Getting all Product names
2021-07-08 10:05:58,834 :INFO : test_end2end :Blackberryis selected
2021-07-08 10:06:30,438 :INFO : test_formsubmission :Name entered :ravikumar
2021-07-08 10:06:30,512 :INFO : test_formsubmission :email entered :www.panjagroupofcompanies.com
2021-07-08 10:06:31,905 :INFO : test_formsubmission :Name entered :ravikumarShivashankar
2021-07-08 10:06:31,905 :INFO : test_formsubmission :Name entered :ravikumarShivashankar
2021-07-08 10:06:31,937 :INFO : test_formsubmission :email entered :www.panjagroupofcompanies.comwww.Shivashankar.com
2021-07-08 10:06:31,937 :INFO : test_formsubmission :email entered :www.panjagroupofcompanies.comwww.Shivashankar.com
2021-07-08 10:07:31,305 :INFO : test_end2end :Getting all Product names
2021-07-08 10:07:31,485 :INFO : test_end2end :Blackberryis selected
2021-07-08 10:08:01,603 :INFO : test_formsubmission :Name entered :ravikumar
2021-07-08 10:08:01,746 :INFO : test_formsubmission :email entered :www.panjagroupofcompanies.com
2021-07-08 10:47:02,486 :INFO : test_end2end :Getting all Product names
2021-07-08 10:47:02,674 :INFO : test_end2end :Blackberryis selected
2021-07-08 10:47:19,052 :INFO : test_formsubmission :Name entered :ravikumar
2021-07-08 10:47:19,091 :INFO : test_formsubmission :email entered :www.panjagroupofcompanies.com
2021-07-08 10:47:20,169 :INFO : test_formsubmission :Name entered :ravikumarShivashankar
2021-07-08 10:47:20,169 :INFO : test_formsubmission :Name entered :ravikumarShivashankar
2021-07-08 10:47:20,196 :INFO : test_formsubmission :email entered :www.panjagroupofcompanies.comwww.Shivashankar.com
2021-07-08 10:47:20,196 :INFO : test_formsubmission :email entered :www.panjagroupofcompanies.comwww.Shivashankar.com
2021-07-08 10:55:43,238 :INFO : test_formsubmission :Name entered :ravikumar
2021-07-08 10:55:43,272 :INFO : test_formsubmission :email entered :www.panjagroupofcompanies.com
2021-07-08 10:55:44,385 :INFO : test_formsubmission :Name entered :ravikumarShivashankar
2021-07-08 10:55:44,385 :INFO : test_formsubmission :Name entered :ravikumarShivashankar
2021-07-08 10:55:44,413 :INFO : test_formsubmission :email entered :www.panjagroupofcompanies.comwww.Shivashankar.com
2021-07-08 10:55:44,413 :INFO : test_formsubmission :email entered :www.panjagroupofcompanies.comwww.Shivashankar.com
2021-07-12 15:24:04,083 :INFO : test_end2end :Getting all Product names
2021-07-12 15:24:04,357 :INFO : test_end2end :Blackberryis selected
2021-07-12 15:24:21,967 :INFO : test_formsubmission :Name entered :ravikumar
2021-07-12 15:24:22,001 :INFO : test_formsubmission :email entered :www.panjagroupofcompanies.com
2021-07-12 15:24:23,452 :INFO : test_formsubmission :Name entered :ravikumarShivashankar
2021-07-12 15:24:23,452 :INFO : test_formsubmission :Name entered :ravikumarShivashankar
2021-07-12 15:24:23,480 :INFO : test_formsubmission :email entered :www.panjagroupofcompanies.comwww.Shivashankar.com
2021-07-12 15:24:23,480 :INFO : test_formsubmission :email entered :www.panjagroupofcompanies.comwww.Shivashankar.com
2021-07-12 15:25:55,828 :INFO : test_end2end :Getting all Product names
2021-07-12 15:25:56,070 :INFO : test_end2end :Blackberryis selected
2021-07-12 15:26:11,119 :INFO : test_formsubmission :Name entered :ravikumar
2021-07-12 15:26:11,150 :INFO : test_formsubmission :email entered :www.panjagroupofcompanies.com
2021-07-12 15:26:12,187 :INFO : test_formsubmission :Name entered :ravikumarShivashankar
2021-07-12 15:26:12,187 :INFO : test_formsubmission :Name entered :ravikumarShivashankar
2021-07-12 15:26:12,201 :INFO : test_formsubmission :email entered :www.panjagroupofcompanies.comwww.Shivashankar.com
2021-07-12 15:26:12,201 :INFO : test_formsubmission :email entered :www.panjagroupofcompanies.comwww.Shivashankar.com
2021-07-14 18:38:15,845 :INFO : test_end2end :Getting all Product names
2021-07-14 18:38:16,161 :INFO : test_end2end :Blackberryis selected
2021-07-14 18:38:35,669 :INFO : test_formsubmission :Name entered :ravikumar
2021-07-14 18:38:35,702 :INFO : test_formsubmission :email entered :www.panjagroupofcompanies.com
2021-07-14 18:38:37,331 :INFO : test_formsubmission :Name entered :ravikumarShivashankar
2021-07-14 18:38:37,331 :INFO : test_formsubmission :Name entered :ravikumarShivashankar
2021-07-14 18:38:37,362 :INFO : test_formsubmission :email entered :www.panjagroupofcompanies.comwww.Shivashankar.com
2021-07-14 18:38:37,362 :INFO : test_formsubmission :email entered :www.panjagroupofcompanies.comwww.Shivashankar.com
2021-07-14 18:39:55,964 :INFO : test_end2end :Getting all Product names
2021-07-14 18:39:56,185 :INFO : test_end2end :Blackberryis selected
2021-07-14 18:40:15,315 :INFO : test_formsubmission :Name entered :ravikumar
2021-07-14 18:40:15,358 :INFO : test_formsubmission :email entered :www.panjagroupofcompanies.com
2021-07-14 18:40:16,618 :INFO : test_formsubmission :Name entered :ravikumarShivashankar
2021-07-14 18:40:16,618 :INFO : test_formsubmission :Name entered :ravikumarShivashankar
2021-07-14 18:40:16,649 :INFO : test_formsubmission :email entered :www.panjagroupofcompanies.comwww.Shivashankar.com
2021-07-14 18:40:16,649 :INFO : test_formsubmission :email entered :www.panjagroupofcompanies.comwww.Shivashankar.com
2021-07-14 18:42:20,871 :INFO : test_end2end :Getting all Product names
2021-07-14 18:42:21,182 :INFO : test_end2end :Blackberryis selected
2021-07-14 18:42:37,756 :INFO : test_formsubmission :Name entered :ravikumar
2021-07-14 18:42:37,793 :INFO : test_formsubmission :email entered :www.panjagroupofcompanies.com
2021-07-14 18:42:39,068 :INFO : test_formsubmission :Name entered :ravikumarShivashankar
2021-07-14 18:42:39,068 :INFO : test_formsubmission :Name entered :ravikumarShivashankar
2021-07-14 18:42:39,100 :INFO : test_formsubmission :email entered :www.panjagroupofcompanies.comwww.Shivashankar.com
2021-07-14 18:42:39,100 :INFO : test_formsubmission :email entered :www.panjagroupofcompanies.comwww.Shivashankar.com
2021-07-14 18:43:34,454 :INFO : test_end2end :Getting all Product names
2021-07-14 18:43:34,766 :INFO : test_end2end :Blackberryis selected
2021-07-14 18:43:51,744 :INFO : test_formsubmission :Name entered :ravikumar
2021-07-14 18:43:51,783 :INFO : test_formsubmission :email entered :www.panjagroupofcompanies.com
2021-07-14 18:43:53,871 :INFO : test_formsubmission :Name entered :Shivashankar
2021-07-14 18:43:53,871 :INFO : test_formsubmission :Name entered :Shivashankar
2021-07-14 18:43:53,903 :INFO : test_formsubmission :email entered :www.Shivashankar.com
2021-07-14 18:43:53,903 :INFO : test_formsubmission :email entered :www.Shivashankar.com
2021-07-14 18:45:52,829 :INFO : test_end2end :Getting all Product names
2021-07-14 18:45:53,123 :INFO : test_end2end :Blackberryis selected
2021-07-14 18:46:09,958 :INFO : test_formsubmission :Name entered :ravikumar
2021-07-14 18:46:09,993 :INFO : test_formsubmission :email entered :www.panjagroupofcompanies.com
2021-07-14 18:46:11,777 :INFO : test_formsubmission :Name entered :Shivashankar
2021-07-14 18:46:11,777 :INFO : test_formsubmission :Name entered :Shivashankar
2021-07-14 18:46:11,810 :INFO : test_formsubmission :email entered :www.Shivashankar.com
2021-07-14 18:46:11,810 :INFO : test_formsubmission :email entered :www.Shivashankar.com
2021-07-14 18:48:45,315 :INFO : test_formsubmission :Name entered :ravikumar
2021-07-14 18:48:45,352 :INFO : test_formsubmission :email entered :www.panjagroupofcompanies.com
2021-07-14 18:48:46,618 :INFO : test_formsubmission :Name entered :ravikumarShivashankar
2021-07-14 18:48:46,618 :INFO : test_formsubmission :Name entered :ravikumarShivashankar
2021-07-14 18:48:46,647 :INFO : test_formsubmission :email entered :www.panjagroupofcompanies.comwww.Shivashankar.com
2021-07-14 18:48:46,647 :INFO : test_formsubmission :email entered :www.panjagroupofcompanies.comwww.Shivashankar.com
2021-07-17 10:51:15,348 :INFO : test_end2end :Getting all Product names
2021-07-17 10:51:15,712 :INFO : test_end2end :Blackberryis selected
2021-07-17 11:19:14,527 :INFO : test_formsubmission :Name entered :ravikumar
2021-07-17 11:19:14,563 :INFO : test_formsubmission :email entered :www.panjagroupofcompanies.com
2021-07-17 11:21:45,234 :INFO : test_formsubmission :Name entered :ravikumar
2021-07-17 11:21:45,268 :INFO : test_formsubmission :email entered :www.panjagroupofcompanies.com
2021-07-17 11:21:46,776 :INFO : test_formsubmission :Name entered :Shivashankar
2021-07-17 11:21:46,776 :INFO : test_formsubmission :Name entered :Shivashankar
2021-07-17 11:21:46,807 :INFO : test_formsubmission :email entered :www.Shivashankar.com
2021-07-17 11:21:46,807 :INFO : test_formsubmission :email entered :www.Shivashankar.com
2021-07-17 13:39:16,678 :INFO : test_formsubmission :Name entered :sdfass
2021-07-17 13:39:16,715 :INFO : test_formsubmission :email entered :ssad@email
2021-07-17 14:55:02,061 :INFO : test_formsubmission :Name entered :firstname
2021-07-17 14:55:02,098 :INFO : test_formsubmission :email entered :email
2021-07-17 14:55:03,340 :INFO : test_formsubmission :Name entered :firstnameShiva
2021-07-17 14:55:03,340 :INFO : test_formsubmission :Name entered :firstnameShiva
2021-07-17 14:55:03,368 :INFO : test_formsubmission :email entered :emailshiva@email
2021-07-17 14:55:03,368 :INFO : test_formsubmission :email entered :emailshiva@email
2021-07-17 14:55:04,776 :INFO : test_formsubmission :Name entered :Jaya
2021-07-17 14:55:04,776 :INFO : test_formsubmission :Name entered :Jaya
2021-07-17 14:55:04,776 :INFO : test_formsubmission :Name entered :Jaya
2021-07-17 14:55:04,807 :INFO : test_formsubmission :email entered :Jaya@email
2021-07-17 14:55:04,807 :INFO : test_formsubmission :email entered :Jaya@email
2021-07-17 14:55:04,807 :INFO : test_formsubmission :email entered :Jaya@email
2021-07-17 14:55:06,157 :INFO : test_formsubmission :Name entered :sdfass
2021-07-17 14:55:06,157 :INFO : test_formsubmission :Name entered :sdfass
2021-07-17 14:55:06,157 :INFO : test_formsubmission :Name entered :sdfass
2021-07-17 14:55:06,157 :INFO : test_formsubmission :Name entered :sdfass
2021-07-17 14:55:06,189 :INFO : test_formsubmission :email entered :ssad@email
2021-07-17 14:55:06,189 :INFO : test_formsubmission :email entered :ssad@email
2021-07-17 14:55:06,189 :INFO : test_formsubmission :email entered :ssad@email
2021-07-17 14:55:06,189 :INFO : test_formsubmission :email entered :ssad@email
2021-07-17 14:55:07,428 :INFO : test_formsubmission :Name entered :asdsadf
2021-07-17 14:55:07,428 :INFO : test_formsubmission :Name entered :asdsadf
2021-07-17 14:55:07,428 :INFO : test_formsubmission :Name entered :asdsadf
2021-07-17 14:55:07,428 :INFO : test_formsubmission :Name entered :asdsadf
2021-07-17 14:55:07,428 :INFO : test_formsubmission :Name entered :asdsadf
2021-07-17 14:55:07,459 :INFO : test_formsubmission :email entered :oit33@email
2021-07-17 14:55:07,459 :INFO : test_formsubmission :email entered :oit33@email
2021-07-17 14:55:07,459 :INFO : test_formsubmission :email entered :oit33@email
2021-07-17 14:55:07,459 :INFO : test_formsubmission :email entered :oit33@email
2021-07-17 14:55:07,459 :INFO : test_formsubmission :email entered :oit33@email
2021-07-17 14:55:08,769 :INFO : test_formsubmission :Name entered :aff
2021-07-17 14:55:08,769 :INFO : test_formsubmission :Name entered :aff
2021-07-17 14:55:08,769 :INFO : test_formsubmission :Name entered :aff
2021-07-17 14:55:08,769 :INFO : test_formsubmission :Name entered :aff
2021-07-17 14:55:08,769 :INFO : test_formsubmission :Name entered :aff
2021-07-17 14:55:08,769 :INFO : test_formsubmission :Name entered :aff
2021-07-17 14:55:08,800 :INFO : test_formsubmission :email entered :oeriu@emai
2021-07-17 14:55:08,800 :INFO : test_formsubmission :email entered :oeriu@emai
2021-07-17 14:55:08,800 :INFO : test_formsubmission :email entered :oeriu@emai
2021-07-17 14:55:08,800 :INFO : test_formsubmission :email entered :oeriu@emai
2021-07-17 14:55:08,800 :INFO : test_formsubmission :email entered :oeriu@emai
2021-07-17 14:55:08,800 :INFO : test_formsubmission :email entered :oeriu@emai
2021-07-17 14:55:10,069 :INFO : test_formsubmission :Name entered :sdfasdf
2021-07-17 14:55:10,069 :INFO : test_formsubmission :Name entered :sdfasdf
2021-07-17 14:55:10,069 :INFO : test_formsubmission :Name entered :sdfasdf
2021-07-17 14:55:10,069 :INFO : test_formsubmission :Name entered :sdfasdf
2021-07-17 14:55:10,069 :INFO : test_formsubmission :Name entered :sdfasdf
2021-07-17 14:55:10,069 :INFO : test_formsubmission :Name entered :sdfasdf
2021-07-17 14:55:10,069 :INFO : test_formsubmission :Name entered :sdfasdf
2021-07-17 14:55:10,102 :INFO : test_formsubmission :email entered :oipoij@email
2021-07-17 14:55:10,102 :INFO : test_formsubmission :email entered :oipoij@email
2021-07-17 14:55:10,102 :INFO : test_formsubmission :email entered :oipoij@email
2021-07-17 14:55:10,102 :INFO : test_formsubmission :email entered :oipoij@email
2021-07-17 14:55:10,102 :INFO : test_formsubmission :email entered :oipoij@email
2021-07-17 14:55:10,102 :INFO : test_formsubmission :email entered :oipoij@email
2021-07-17 14:55:10,102 :INFO : test_formsubmission :email entered :oipoij@email
2021-07-17 14:55:11,316 :INFO : test_formsubmission :Name entered :dfasd
2021-07-17 14:55:11,316 :INFO : test_formsubmission :Name entered :dfasd
2021-07-17 14:55:11,316 :INFO : test_formsubmission :Name entered :dfasd
2021-07-17 14:55:11,316 :INFO : test_formsubmission :Name entered :dfasd
2021-07-17 14:55:11,316 :INFO : test_formsubmission :Name entered :dfasd
2021-07-17 14:55:11,316 :INFO : test_formsubmission :Name entered :dfasd
2021-07-17 14:55:11,316 :INFO : test_formsubmission :Name entered :dfasd
2021-07-17 14:55:11,316 :INFO : test_formsubmission :Name entered :dfasd
2021-07-17 14:55:11,349 :INFO : test_formsubmission :email entered :ssfsd@email
2021-07-17 14:55:11,349 :INFO : test_formsubmission :email entered :ssfsd@email
2021-07-17 14:55:11,349 :INFO : test_formsubmission :email entered :ssfsd@email
2021-07-17 14:55:11,349 :INFO : test_formsubmission :email entered :ssfsd@email
2021-07-17 14:55:11,349 :INFO : test_formsubmission :email entered :ssfsd@email
2021-07-17 14:55:11,349 :INFO : test_formsubmission :email entered :ssfsd@email
2021-07-17 14:55:11,349 :INFO : test_formsubmission :email entered :ssfsd@email
2021-07-17 14:55:11,349 :INFO : test_formsubmission :email entered :ssfsd@email
2021-07-17 14:57:40,570 :INFO : test_formsubmission :Name entered :Shiva
2021-07-17 14:57:40,619 :INFO : test_formsubmission :email entered :shiva@email
2021-07-17 14:57:42,197 :INFO : test_formsubmission :Name entered :Jaya
2021-07-17 14:57:42,197 :INFO : test_formsubmission :Name entered :Jaya
2021-07-17 14:57:42,233 :INFO : test_formsubmission :email entered :Jaya@email
2021-07-17 14:57:42,233 :INFO : test_formsubmission :email entered :Jaya@email
2021-07-17 14:57:43,629 :INFO : test_formsubmission :Name entered :sdfass
2021-07-17 14:57:43,629 :INFO : test_formsubmission :Name entered :sdfass
2021-07-17 14:57:43,629 :INFO : test_formsubmission :Name entered :sdfass
2021-07-17 14:57:43,668 :INFO : test_formsubmission :email entered :ssad@email
2021-07-17 14:57:43,668 :INFO : test_formsubmission :email entered :ssad@email
2021-07-17 14:57:43,668 :INFO : test_formsubmission :email entered :ssad@email
2021-07-17 14:57:45,087 :INFO : test_formsubmission :Name entered :asdsadf
2021-07-17 14:57:45,087 :INFO : test_formsubmission :Name entered :asdsadf
2021-07-17 14:57:45,087 :INFO : test_formsubmission :Name entered :asdsadf
2021-07-17 14:57:45,087 :INFO : test_formsubmission :Name entered :asdsadf
2021-07-17 14:57:45,119 :INFO : test_formsubmission :email entered :oit33@email
2021-07-17 14:57:45,119 :INFO : test_formsubmission :email entered :oit33@email
2021-07-17 14:57:45,119 :INFO : test_formsubmission :email entered :oit33@email
2021-07-17 14:57:45,119 :INFO : test_formsubmission :email entered :oit33@email
2021-07-17 14:57:46,532 :INFO : test_formsubmission :Name entered :aff
2021-07-17 14:57:46,532 :INFO : test_formsubmission :Name entered :aff
2021-07-17 14:57:46,532 :INFO : test_formsubmission :Name entered :aff
2021-07-17 14:57:46,532 :INFO : test_formsubmission :Name entered :aff
2021-07-17 14:57:46,532 :INFO : test_formsubmission :Name entered :aff
2021-07-17 14:57:46,564 :INFO : test_formsubmission :email entered :oeriu@emai
2021-07-17 14:57:46,564 :INFO : test_formsubmission :email entered :oeriu@emai
2021-07-17 14:57:46,564 :INFO : test_formsubmission :email entered :oeriu@emai
2021-07-17 14:57:46,564 :INFO : test_formsubmission :email entered :oeriu@emai
2021-07-17 14:57:46,564 :INFO : test_formsubmission :email entered :oeriu@emai
2021-07-17 14:57:48,014 :INFO : test_formsubmission :Name entered :sdfasdf
2021-07-17 14:57:48,014 :INFO : test_formsubmission :Name entered :sdfasdf
2021-07-17 14:57:48,014 :INFO : test_formsubmission :Name entered :sdfasdf
2021-07-17 14:57:48,014 :INFO : test_formsubmission :Name entered :sdfasdf
2021-07-17 14:57:48,014 :INFO : test_formsubmission :Name entered :sdfasdf
2021-07-17 14:57:48,014 :INFO : test_formsubmission :Name entered :sdfasdf
2021-07-17 14:57:48,049 :INFO : test_formsubmission :email entered :oipoij@email
2021-07-17 14:57:48,049 :INFO : test_formsubmission :email entered :oipoij@email
2021-07-17 14:57:48,049 :INFO : test_formsubmission :email entered :oipoij@email
2021-07-17 14:57:48,049 :INFO : test_formsubmission :email entered :oipoij@email
2021-07-17 14:57:48,049 :INFO : test_formsubmission :email entered :oipoij@email
2021-07-17 14:57:48,049 :INFO : test_formsubmission :email entered :oipoij@email
2021-07-17 14:57:49,360 :INFO : test_formsubmission :Name entered :dfasd
2021-07-17 14:57:49,360 :INFO : test_formsubmission :Name entered :dfasd
2021-07-17 14:57:49,360 :INFO : test_formsubmission :Name entered :dfasd
2021-07-17 14:57:49,360 :INFO : test_formsubmission :Name entered :dfasd
2021-07-17 14:57:49,360 :INFO : test_formsubmission :Name entered :dfasd
2021-07-17 14:57:49,360 :INFO : test_formsubmission :Name entered :dfasd
2021-07-17 14:57:49,360 :INFO : test_formsubmission :Name entered :dfasd
2021-07-17 14:57:49,395 :INFO : test_formsubmission :email entered :ssfsd@email
2021-07-17 14:57:49,395 :INFO : test_formsubmission :email entered :ssfsd@email
2021-07-17 14:57:49,395 :INFO : test_formsubmission :email entered :ssfsd@email
2021-07-17 14:57:49,395 :INFO : test_formsubmission :email entered :ssfsd@email
2021-07-17 14:57:49,395 :INFO : test_formsubmission :email entered :ssfsd@email
2021-07-17 14:57:49,395 :INFO : test_formsubmission :email entered :ssfsd@email
2021-07-17 14:57:49,395 :INFO : test_formsubmission :email entered :ssfsd@email
2021-07-17 15:03:13,693 :INFO : test_formsubmission :Name entered :Shiva
2021-07-17 15:03:13,734 :INFO : test_formsubmission :email entered :shiva@email
2021-07-17 15:03:15,260 :INFO : test_formsubmission :Name entered :Jaya
2021-07-17 15:03:15,260 :INFO : test_formsubmission :Name entered :Jaya
2021-07-17 15:03:15,291 :INFO : test_formsubmission :email entered :Jaya@email
2021-07-17 15:03:15,291 :INFO : test_formsubmission :email entered :Jaya@email
2021-07-17 15:03:16,611 :INFO : test_formsubmission :Name entered :sdfass
2021-07-17 15:03:16,611 :INFO : test_formsubmission :Name entered :sdfass
2021-07-17 15:03:16,611 :INFO : test_formsubmission :Name entered :sdfass
2021-07-17 15:03:16,642 :INFO : test_formsubmission :email entered :ssad@email
2021-07-17 15:03:16,642 :INFO : test_formsubmission :email entered :ssad@email
2021-07-17 15:03:16,642 :INFO : test_formsubmission :email entered :ssad@email
2021-07-17 15:03:17,886 :INFO : test_formsubmission :Name entered :asdsadf
2021-07-17 15:03:17,886 :INFO : test_formsubmission :Name entered :asdsadf
2021-07-17 15:03:17,886 :INFO : test_formsubmission :Name entered :asdsadf
2021-07-17 15:03:17,886 :INFO : test_formsubmission :Name entered :asdsadf
2021-07-17 15:03:17,918 :INFO : test_formsubmission :email entered :oit33@email
2021-07-17 15:03:17,918 :INFO : test_formsubmission :email entered :oit33@email
2021-07-17 15:03:17,918 :INFO : test_formsubmission :email entered :oit33@email
2021-07-17 15:03:17,918 :INFO : test_formsubmission :email entered :oit33@email
2021-07-17 15:03:19,231 :INFO : test_formsubmission :Name entered :aff
2021-07-17 15:03:19,231 :INFO : test_formsubmission :Name entered :aff
2021-07-17 15:03:19,231 :INFO : test_formsubmission :Name entered :aff
2021-07-17 15:03:19,231 :INFO : test_formsubmission :Name entered :aff
2021-07-17 15:03:19,231 :INFO : test_formsubmission :Name entered :aff
2021-07-17 15:03:19,264 :INFO : test_formsubmission :email entered :oeriu@emai
2021-07-17 15:03:19,264 :INFO : test_formsubmission :email entered :oeriu@emai
2021-07-17 15:03:19,264 :INFO : test_formsubmission :email entered :oeriu@emai
2021-07-17 15:03:19,264 :INFO : test_formsubmission :email entered :oeriu@emai
2021-07-17 15:03:19,264 :INFO : test_formsubmission :email entered :oeriu@emai
2021-07-17 15:03:20,546 :INFO : test_formsubmission :Name entered :sdfasdf
2021-07-17 15:03:20,546 :INFO : test_formsubmission :Name entered :sdfasdf
2021-07-17 15:03:20,546 :INFO : test_formsubmission :Name entered :sdfasdf
2021-07-17 15:03:20,546 :INFO : test_formsubmission :Name entered :sdfasdf
2021-07-17 15:03:20,546 :INFO : test_formsubmission :Name entered :sdfasdf
2021-07-17 15:03:20,546 :INFO : test_formsubmission :Name entered :sdfasdf
2021-07-17 15:03:20,576 :INFO : test_formsubmission :email entered :oipoij@email
2021-07-17 15:03:20,576 :INFO : test_formsubmission :email entered :oipoij@email
2021-07-17 15:03:20,576 :INFO : test_formsubmission :email entered :oipoij@email
2021-07-17 15:03:20,576 :INFO : test_formsubmission :email entered :oipoij@email
2021-07-17 15:03:20,576 :INFO : test_formsubmission :email entered :oipoij@email
2021-07-17 15:03:20,576 :INFO : test_formsubmission :email entered :oipoij@email
2021-07-17 15:03:21,764 :INFO : test_formsubmission :Name entered :dfasd
2021-07-17 15:03:21,764 :INFO : test_formsubmission :Name entered :dfasd
2021-07-17 15:03:21,764 :INFO : test_formsubmission :Name entered :dfasd
2021-07-17 15:03:21,764 :INFO : test_formsubmission :Name entered :dfasd
2021-07-17 15:03:21,764 :INFO : test_formsubmission :Name entered :dfasd
2021-07-17 15:03:21,764 :INFO : test_formsubmission :Name entered :dfasd
2021-07-17 15:03:21,764 :INFO : test_formsubmission :Name entered :dfasd
2021-07-17 15:03:21,795 :INFO : test_formsubmission :email entered :ssfsd@email
2021-07-17 15:03:21,795 :INFO : test_formsubmission :email entered :ssfsd@email
2021-07-17 15:03:21,795 :INFO : test_formsubmission :email entered :ssfsd@email
2021-07-17 15:03:21,795 :INFO : test_formsubmission :email entered :ssfsd@email
2021-07-17 15:03:21,795 :INFO : test_formsubmission :email entered :ssfsd@email
2021-07-17 15:03:21,795 :INFO : test_formsubmission :email entered :ssfsd@email
2021-07-17 15:03:21,795 :INFO : test_formsubmission :email entered :ssfsd@email
2021-07-17 15:04:34,031 :INFO : test_formsubmission :Name entered :Shiva
2021-07-17 15:04:34,068 :INFO : test_formsubmission :email entered :shiva@email
2021-07-17 15:04:35,750 :INFO : test_formsubmission :Name entered :Jaya
2021-07-17 15:04:35,750 :INFO : test_formsubmission :Name entered :Jaya
2021-07-17 15:04:35,783 :INFO : test_formsubmission :email entered :Jaya@email
2021-07-17 15:04:35,783 :INFO : test_formsubmission :email entered :Jaya@email
2021-07-17 15:04:37,120 :INFO : test_formsubmission :Name entered :sdfass
2021-07-17 15:04:37,120 :INFO : test_formsubmission :Name entered :sdfass
2021-07-17 15:04:37,120 :INFO : test_formsubmission :Name entered :sdfass
2021-07-17 15:04:37,153 :INFO : test_formsubmission :email entered :ssad@email
2021-07-17 15:04:37,153 :INFO : test_formsubmission :email entered :ssad@email
2021-07-17 15:04:37,153 :INFO : test_formsubmission :email entered :ssad@email
2021-07-17 15:04:38,410 :INFO : test_formsubmission :Name entered :asdsadf
2021-07-17 15:04:38,410 :INFO : test_formsubmission :Name entered :asdsadf
2021-07-17 15:04:38,410 :INFO : test_formsubmission :Name entered :asdsadf
2021-07-17 15:04:38,410 :INFO : test_formsubmission :Name entered :asdsadf
2021-07-17 15:04:38,441 :INFO : test_formsubmission :email entered :oit33@email
2021-07-17 15:04:38,441 :INFO : test_formsubmission :email entered :oit33@email
2021-07-17 15:04:38,441 :INFO : test_formsubmission :email entered :oit33@email
2021-07-17 15:04:38,441 :INFO : test_formsubmission :email entered :oit33@email
2021-07-17 15:04:39,690 :INFO : test_formsubmission :Name entered :aff
2021-07-17 15:04:39,690 :INFO : test_formsubmission :Name entered :aff
2021-07-17 15:04:39,690 :INFO : test_formsubmission :Name entered :aff
2021-07-17 15:04:39,690 :INFO : test_formsubmission :Name entered :aff
2021-07-17 15:04:39,690 :INFO : test_formsubmission :Name entered :aff
2021-07-17 15:04:39,722 :INFO : test_formsubmission :email entered :oeriu@emai
2021-07-17 15:04:39,722 :INFO : test_formsubmission :email entered :oeriu@emai
2021-07-17 15:04:39,722 :INFO : test_formsubmission :email entered :oeriu@emai
2021-07-17 15:04:39,722 :INFO : test_formsubmission :email entered :oeriu@emai
2021-07-17 15:04:39,722 :INFO : test_formsubmission :email entered :oeriu@emai
2021-07-17 15:04:41,079 :INFO : test_formsubmission :Name entered :sdfasdf
2021-07-17 15:04:41,079 :INFO : test_formsubmission :Name entered :sdfasdf
2021-07-17 15:04:41,079 :INFO : test_formsubmission :Name entered :sdfasdf
2021-07-17 15:04:41,079 :INFO : test_formsubmission :Name entered :sdfasdf
2021-07-17 15:04:41,079 :INFO : test_formsubmission :Name entered :sdfasdf
2021-07-17 15:04:41,079 :INFO : test_formsubmission :Name entered :sdfasdf
2021-07-17 15:04:41,124 :INFO : test_formsubmission :email entered :oipoij@email
2021-07-17 15:04:41,124 :INFO : test_formsubmission :email entered :oipoij@email
2021-07-17 15:04:41,124 :INFO : test_formsubmission :email entered :oipoij@email
2021-07-17 15:04:41,124 :INFO : test_formsubmission :email entered :oipoij@email
2021-07-17 15:04:41,124 :INFO : test_formsubmission :email entered :oipoij@email
2021-07-17 15:04:41,124 :INFO : test_formsubmission :email entered :oipoij@email
2021-07-17 15:04:42,331 :INFO : test_formsubmission :Name entered :dfasd
2021-07-17 15:04:42,331 :INFO : test_formsubmission :Name entered :dfasd
2021-07-17 15:04:42,331 :INFO : test_formsubmission :Name entered :dfasd
2021-07-17 15:04:42,331 :INFO : test_formsubmission :Name entered :dfasd
2021-07-17 15:04:42,331 :INFO : test_formsubmission :Name entered :dfasd
2021-07-17 15:04:42,331 :INFO : test_formsubmission :Name entered :dfasd
2021-07-17 15:04:42,331 :INFO : test_formsubmission :Name entered :dfasd
2021-07-17 15:04:42,365 :INFO : test_formsubmission :email entered :ssfsd@email
2021-07-17 15:04:42,365 :INFO : test_formsubmission :email entered :ssfsd@email
2021-07-17 15:04:42,365 :INFO : test_formsubmission :email entered :ssfsd@email
2021-07-17 15:04:42,365 :INFO : test_formsubmission :email entered :ssfsd@email
2021-07-17 15:04:42,365 :INFO : test_formsubmission :email entered :ssfsd@email
2021-07-17 15:04:42,365 :INFO : test_formsubmission :email entered :ssfsd@email
2021-07-17 15:04:42,365 :INFO : test_formsubmission :email entered :ssfsd@email
